<?xml version="1.0" encoding="utf-8"?><testsuites name="pytest tests"><testsuite name="pytest" errors="0" failures="0" skipped="0" tests="18" time="2.849" timestamp="2026-06-27T08:34:05.929501+00:00" hostname="agent-env-34686455-b1ec-49fb-bf40-807cbafc124d"><testcase classname="backend.tests.test_manager_member_crud.TestWalkInCreate" name="test_walkin_no_token_unauthorized" time="0.147" /><testcase classname="backend.tests.test_manager_member_crud.TestWalkInCreate" name="test_walkin_missing_name_returns_400" time="0.405" /><testcase classname="backend.tests.test_manager_member_crud.TestWalkInCreate" name="test_walkin_missing_phone_returns_400" time="0.078" /><testcase classname="backend.tests.test_manager_member_crud.TestWalkInCreate" name="test_walkin_missing_phone_field_returns_422" time="0.109" /><testcase classname="backend.tests.test_manager_member_crud.TestWalkInCreate" name="test_walkin_auto_email" time="0.100" /><testcase classname="backend.tests.test_manager_member_crud.TestWalkInCreate" name="test_walkin_explicit_email_used" time="0.070" /><testcase classname="backend.tests.test_manager_member_crud.TestWalkInCreate" name="test_walkin_duplicate_email_409" time="0.165" /><testcase classname="backend.tests.test_manager_member_crud.TestMemberUpdate" name="test_patch_no_token_unauthorized" time="0.147" /><testcase classname="backend.tests.test_manager_member_crud.TestMemberUpdate" name="test_patch_updates_name_and_phone" time="0.108" /><testcase classname="backend.tests.test_manager_member_crud.TestMemberUpdate" name="test_patch_empty_body_returns_400" time="0.151" /><testcase classname="backend.tests.test_manager_member_crud.TestMemberUpdate" name="test_patch_invalid_user_id_404" time="0.085" /><testcase classname="backend.tests.test_manager_member_crud.TestMemberDeleteCascade" name="test_delete_no_token_unauthorized" time="0.082" /><testcase classname="backend.tests.test_manager_member_crud.TestMemberDeleteCascade" name="test_delete_nonexistent_returns_404" time="0.085" /><testcase classname="backend.tests.test_manager_member_crud.TestMemberDeleteCascade" name="test_delete_cascades_memberships_sessions_pushtokens" time="0.315" /><testcase classname="backend.tests.test_manager_member_crud.TestFullE2EWalkInLifecycle" name="test_e2e" time="0.428" /><testcase classname="backend.tests.test_manager_member_crud.TestIteration1Regression" name="test_plans_still_4" time="0.067" /><testcase classname="backend.tests.test_manager_member_crud.TestIteration1Regression" name="test_stats_keys" time="0.092" /><testcase classname="backend.tests.test_manager_member_crud.TestIteration1Regression" name="test_members_list_no_id_leak" time="0.083" /></testsuite></testsuites>