<?xml version="1.0" encoding="utf-8"?><testsuites name="pytest tests"><testsuite name="pytest" errors="0" failures="0" skipped="0" tests="44" time="7.822" timestamp="2026-06-27T08:45:26.517829+00:00" hostname="agent-env-34686455-b1ec-49fb-bf40-807cbafc124d"><testcase classname="backend.tests.test_backend_api.TestPublicEndpoints" name="test_plans_returns_4_seeded" time="0.297" /><testcase classname="backend.tests.test_backend_api.TestPublicEndpoints" name="test_gym_info" time="0.083" /><testcase classname="backend.tests.test_backend_api.TestPublicEndpoints" name="test_payments_config_disabled" time="0.089" /><testcase classname="backend.tests.test_backend_api.TestManagerAuth" name="test_login_success" time="0.299" /><testcase classname="backend.tests.test_backend_api.TestManagerAuth" name="test_login_wrong_password" time="0.344" /><testcase classname="backend.tests.test_backend_api.TestManagerAuth" name="test_me_without_token" time="0.240" /><testcase classname="backend.tests.test_backend_api.TestManagerAuth" name="test_me_with_manager_token" time="0.368" /><testcase classname="backend.tests.test_backend_api.TestManagerAuth" name="test_logout_invalidates_token" time="0.433" /><testcase classname="backend.tests.test_backend_api.TestManagerRoutes" name="test_members_without_token" time="0.083" /><testcase classname="backend.tests.test_backend_api.TestManagerRoutes" name="test_stats_returns_all_keys" time="0.085" /><testcase classname="backend.tests.test_backend_api.TestManagerRoutes" name="test_members_list" time="0.087" /><testcase classname="backend.tests.test_backend_api.TestManagerRoutes" name="test_members_query_filter" time="0.082" /><testcase classname="backend.tests.test_backend_api.TestManagerRoutes" name="test_members_status_filter" time="0.085" /><testcase classname="backend.tests.test_backend_api.TestCashFlow" name="test_record_cash_and_verify" time="0.398" /><testcase classname="backend.tests.test_backend_api.TestRazorpayDisabled" name="test_order_fails_when_not_configured" time="0.071" /><testcase classname="backend.tests.test_backend_api.TestIdempotency" name="test_plans_count_stable" time="0.135" /><testcase classname="backend.tests.test_backend_api.TestIdempotency" name="test_manager_login_still_works" time="0.311" /><testcase classname="backend.tests.test_iter3_link_merge.TestWalkInLinking" name="test_link_by_email_priority_over_phone" time="0.450" /><testcase classname="backend.tests.test_iter3_link_merge.TestWalkInLinking" name="test_link_by_phone_when_no_email_match" time="0.080" /><testcase classname="backend.tests.test_iter3_link_merge.TestWalkInLinking" name="test_link_backfills_missing_name_and_phone" time="0.077" /><testcase classname="backend.tests.test_iter3_link_merge.TestWalkInLinking" name="test_new_walkin_creates_fresh_user" time="0.101" /><testcase classname="backend.tests.test_iter3_link_merge.TestWalkInLinking" name="test_link_to_existing_then_record_cash_no_duplicate" time="0.228" /><testcase classname="backend.tests.test_iter3_link_merge.TestPhoneMerge" name="test_phone_merge_transfers_walkin_memberships" time="0.233" /><testcase classname="backend.tests.test_iter3_link_merge.TestPhoneMerge" name="test_phone_update_no_walkin_no_merge" time="0.089" /><testcase classname="backend.tests.test_iter3_link_merge.TestPhoneMerge" name="test_phone_merge_does_not_touch_manager_role" time="0.090" /><testcase classname="backend.tests.test_iter3_link_merge.TestPhoneMerge" name="test_phone_merge_cascade_cleans_sessions_and_push_tokens" time="0.157" /><testcase classname="backend.tests.test_manager_member_crud.TestWalkInCreate" name="test_walkin_no_token_unauthorized" time="0.089" /><testcase classname="backend.tests.test_manager_member_crud.TestWalkInCreate" name="test_walkin_missing_name_returns_400" time="0.396" /><testcase classname="backend.tests.test_manager_member_crud.TestWalkInCreate" name="test_walkin_missing_phone_returns_400" time="0.094" /><testcase classname="backend.tests.test_manager_member_crud.TestWalkInCreate" name="test_walkin_missing_phone_field_returns_422" time="0.089" /><testcase classname="backend.tests.test_manager_member_crud.TestWalkInCreate" name="test_walkin_auto_email" time="0.076" /><testcase classname="backend.tests.test_manager_member_crud.TestWalkInCreate" name="test_walkin_explicit_email_used" time="0.074" /><testcase classname="backend.tests.test_manager_member_crud.TestWalkInCreate" name="test_walkin_duplicate_email_now_links" time="0.154" /><testcase classname="backend.tests.test_manager_member_crud.TestMemberUpdate" name="test_patch_no_token_unauthorized" time="0.153" /><testcase classname="backend.tests.test_manager_member_crud.TestMemberUpdate" name="test_patch_updates_name_and_phone" time="0.138" /><testcase classname="backend.tests.test_manager_member_crud.TestMemberUpdate" name="test_patch_empty_body_returns_400" time="0.130" /><testcase classname="backend.tests.test_manager_member_crud.TestMemberUpdate" name="test_patch_invalid_user_id_404" time="0.082" /><testcase classname="backend.tests.test_manager_member_crud.TestMemberDeleteCascade" name="test_delete_no_token_unauthorized" time="0.069" /><testcase classname="backend.tests.test_manager_member_crud.TestMemberDeleteCascade" name="test_delete_nonexistent_returns_404" time="0.087" /><testcase classname="backend.tests.test_manager_member_crud.TestMemberDeleteCascade" name="test_delete_cascades_memberships_sessions_pushtokens" time="0.327" /><testcase classname="backend.tests.test_manager_member_crud.TestFullE2EWalkInLifecycle" name="test_e2e" time="0.477" /><testcase classname="backend.tests.test_manager_member_crud.TestIteration1Regression" name="test_plans_still_4" time="0.066" /><testcase classname="backend.tests.test_manager_member_crud.TestIteration1Regression" name="test_stats_keys" time="0.073" /><testcase classname="backend.tests.test_manager_member_crud.TestIteration1Regression" name="test_members_list_no_id_leak" time="0.082" /></testsuite></testsuites>