<?xml version="1.0" encoding="utf-8"?><testsuites name="pytest tests"><testsuite name="pytest" errors="0" failures="0" skipped="0" tests="65" time="14.070" timestamp="2026-06-27T09:28:28.694138+00:00" hostname="agent-env-34686455-b1ec-49fb-bf40-807cbafc124d"><testcase classname="backend.tests.test_backend_api.TestPublicEndpoints" name="test_plans_returns_4_seeded" time="0.119" /><testcase classname="backend.tests.test_backend_api.TestPublicEndpoints" name="test_gym_info" time="0.086" /><testcase classname="backend.tests.test_backend_api.TestPublicEndpoints" name="test_payments_config_disabled" time="0.081" /><testcase classname="backend.tests.test_backend_api.TestManagerAuth" name="test_login_success" time="0.317" /><testcase classname="backend.tests.test_backend_api.TestManagerAuth" name="test_login_wrong_password" time="0.302" /><testcase classname="backend.tests.test_backend_api.TestManagerAuth" name="test_me_without_token" time="0.103" /><testcase classname="backend.tests.test_backend_api.TestManagerAuth" name="test_me_with_manager_token" time="0.375" /><testcase classname="backend.tests.test_backend_api.TestManagerAuth" name="test_logout_invalidates_token" time="0.435" /><testcase classname="backend.tests.test_backend_api.TestManagerRoutes" name="test_members_without_token" time="0.085" /><testcase classname="backend.tests.test_backend_api.TestManagerRoutes" name="test_stats_returns_all_keys" time="0.083" /><testcase classname="backend.tests.test_backend_api.TestManagerRoutes" name="test_members_list" time="0.083" /><testcase classname="backend.tests.test_backend_api.TestManagerRoutes" name="test_members_query_filter" time="0.085" /><testcase classname="backend.tests.test_backend_api.TestManagerRoutes" name="test_members_status_filter" time="0.082" /><testcase classname="backend.tests.test_backend_api.TestCashFlow" name="test_record_cash_and_verify" time="0.377" /><testcase classname="backend.tests.test_backend_api.TestRazorpayDisabled" name="test_order_fails_when_not_configured" time="0.068" /><testcase classname="backend.tests.test_backend_api.TestIdempotency" name="test_plans_count_stable" time="0.136" /><testcase classname="backend.tests.test_backend_api.TestIdempotency" name="test_manager_login_still_works" time="0.308" /><testcase classname="backend.tests.test_iter3_link_merge.TestWalkInLinking" name="test_link_by_email_priority_over_phone" time="0.440" /><testcase classname="backend.tests.test_iter3_link_merge.TestWalkInLinking" name="test_link_by_phone_when_no_email_match" time="0.089" /><testcase classname="backend.tests.test_iter3_link_merge.TestWalkInLinking" name="test_link_backfills_missing_name_and_phone" time="0.077" /><testcase classname="backend.tests.test_iter3_link_merge.TestWalkInLinking" name="test_new_walkin_creates_fresh_user" time="0.080" /><testcase classname="backend.tests.test_iter3_link_merge.TestWalkInLinking" name="test_link_to_existing_then_record_cash_no_duplicate" time="0.184" /><testcase classname="backend.tests.test_iter3_link_merge.TestPhoneMerge" name="test_phone_merge_transfers_walkin_memberships" time="0.245" /><testcase classname="backend.tests.test_iter3_link_merge.TestPhoneMerge" name="test_phone_update_no_walkin_no_merge" time="0.078" /><testcase classname="backend.tests.test_iter3_link_merge.TestPhoneMerge" name="test_phone_merge_does_not_touch_manager_role" time="0.086" /><testcase classname="backend.tests.test_iter3_link_merge.TestPhoneMerge" name="test_phone_merge_cascade_cleans_sessions_and_push_tokens" time="0.167" /><testcase classname="backend.tests.test_iter4_phone_otp_and_pwd.TestPhoneOtpRequest" name="test_request_otp_returns_6digit_code" time="0.081" /><testcase classname="backend.tests.test_iter4_phone_otp_and_pwd.TestPhoneOtpRequest" name="test_request_otp_replaces_previous_code" time="0.234" /><testcase classname="backend.tests.test_iter4_phone_otp_and_pwd.TestPhoneOtpRequest" name="test_request_otp_short_phone_400" time="0.071" /><testcase classname="backend.tests.test_iter4_phone_otp_and_pwd.TestPhoneOtpRequest" name="test_request_otp_empty_phone_400" time="0.073" /><testcase classname="backend.tests.test_iter4_phone_otp_and_pwd.TestPhoneOtpVerify" name="test_verify_creates_new_user_is_new_true" time="0.164" /><testcase classname="backend.tests.test_iter4_phone_otp_and_pwd.TestPhoneOtpVerify" name="test_verify_reuses_existing_user_is_new_false" time="0.290" /><testcase classname="backend.tests.test_iter4_phone_otp_and_pwd.TestPhoneOtpVerify" name="test_verify_wrong_code_increments_attempts" time="0.278" /><testcase classname="backend.tests.test_iter4_phone_otp_and_pwd.TestPhoneOtpVerify" name="test_verify_429_after_5_attempts" time="0.152" /><testcase classname="backend.tests.test_iter4_phone_otp_and_pwd.TestPhoneOtpVerify" name="test_verify_expired_otp_400" time="0.147" /><testcase classname="backend.tests.test_iter4_phone_otp_and_pwd.TestPhoneOtpVerify" name="test_verify_not_requested_400" time="0.070" /><testcase classname="backend.tests.test_iter4_phone_otp_and_pwd.TestPhoneOtpVerify" name="test_verify_merges_walkin" time="0.622" /><testcase classname="backend.tests.test_iter4_phone_otp_and_pwd.TestAuthMeWithPhoneSession" name="test_me_returns_phone_user" time="0.206" /><testcase classname="backend.tests.test_iter4_phone_otp_and_pwd.TestCompleteProfile" name="test_no_auth_returns_401" time="0.084" /><testcase classname="backend.tests.test_iter4_phone_otp_and_pwd.TestCompleteProfile" name="test_empty_body_returns_400" time="0.089" /><testcase classname="backend.tests.test_iter4_phone_otp_and_pwd.TestCompleteProfile" name="test_updates_name_and_phone" time="0.113" /><testcase classname="backend.tests.test_iter4_phone_otp_and_pwd.TestCompleteProfile" name="test_merges_walkin" time="0.562" /><testcase classname="backend.tests.test_iter4_phone_otp_and_pwd.TestManagerChangePassword" name="test_no_token_returns_401" time="0.074" /><testcase classname="backend.tests.test_iter4_phone_otp_and_pwd.TestManagerChangePassword" name="test_non_manager_token_returns_403" time="0.073" /><testcase classname="backend.tests.test_iter4_phone_otp_and_pwd.TestManagerChangePassword" name="test_short_new_password_returns_400" time="0.366" /><testcase classname="backend.tests.test_iter4_phone_otp_and_pwd.TestManagerChangePassword" name="test_wrong_current_password_returns_401" time="0.573" /><testcase classname="backend.tests.test_iter4_phone_otp_and_pwd.TestManagerChangePassword" name="test_change_then_restore_password" time="2.244" /><testcase classname="backend.tests.test_manager_member_crud.TestWalkInCreate" name="test_walkin_no_token_unauthorized" time="0.089" /><testcase classname="backend.tests.test_manager_member_crud.TestWalkInCreate" name="test_walkin_missing_name_returns_400" time="0.391" /><testcase classname="backend.tests.test_manager_member_crud.TestWalkInCreate" name="test_walkin_missing_phone_returns_400" time="0.075" /><testcase classname="backend.tests.test_manager_member_crud.TestWalkInCreate" name="test_walkin_missing_phone_field_returns_422" time="0.069" /><testcase classname="backend.tests.test_manager_member_crud.TestWalkInCreate" name="test_walkin_auto_email" time="0.077" /><testcase classname="backend.tests.test_manager_member_crud.TestWalkInCreate" name="test_walkin_explicit_email_used" time="0.091" /><testcase classname="backend.tests.test_manager_member_crud.TestWalkInCreate" name="test_walkin_duplicate_email_now_links" time="0.148" /><testcase classname="backend.tests.test_manager_member_crud.TestMemberUpdate" name="test_patch_no_token_unauthorized" time="0.183" /><testcase classname="backend.tests.test_manager_member_crud.TestMemberUpdate" name="test_patch_updates_name_and_phone" time="0.152" /><testcase classname="backend.tests.test_manager_member_crud.TestMemberUpdate" name="test_patch_empty_body_returns_400" time="0.170" /><testcase classname="backend.tests.test_manager_member_crud.TestMemberUpdate" name="test_patch_invalid_user_id_404" time="0.090" /><testcase classname="backend.tests.test_manager_member_crud.TestMemberDeleteCascade" name="test_delete_no_token_unauthorized" time="0.101" /><testcase classname="backend.tests.test_manager_member_crud.TestMemberDeleteCascade" name="test_delete_nonexistent_returns_404" time="0.092" /><testcase classname="backend.tests.test_manager_member_crud.TestMemberDeleteCascade" name="test_delete_cascades_memberships_sessions_pushtokens" time="0.287" /><testcase classname="backend.tests.test_manager_member_crud.TestFullE2EWalkInLifecycle" name="test_e2e" time="0.454" /><testcase classname="backend.tests.test_manager_member_crud.TestIteration1Regression" name="test_plans_still_4" time="0.082" /><testcase classname="backend.tests.test_manager_member_crud.TestIteration1Regression" name="test_stats_keys" time="0.083" /><testcase classname="backend.tests.test_manager_member_crud.TestIteration1Regression" name="test_members_list_no_id_leak" time="0.094" /></testsuite></testsuites>