<?xml version="1.0" encoding="utf-8"?><testsuites name="pytest tests"><testsuite name="pytest" errors="0" failures="0" skipped="0" tests="35" time="5.747" timestamp="2026-06-27T08:34:17.989397+00:00" hostname="agent-env-34686455-b1ec-49fb-bf40-807cbafc124d"><testcase classname="backend.tests.test_backend_api.TestPublicEndpoints" name="test_plans_returns_4_seeded" time="0.125" /><testcase classname="backend.tests.test_backend_api.TestPublicEndpoints" name="test_gym_info" time="0.088" /><testcase classname="backend.tests.test_backend_api.TestPublicEndpoints" name="test_payments_config_disabled" time="0.084" /><testcase classname="backend.tests.test_backend_api.TestManagerAuth" name="test_login_success" time="0.313" /><testcase classname="backend.tests.test_backend_api.TestManagerAuth" name="test_login_wrong_password" time="0.290" /><testcase classname="backend.tests.test_backend_api.TestManagerAuth" name="test_me_without_token" time="0.070" /><testcase classname="backend.tests.test_backend_api.TestManagerAuth" name="test_me_with_manager_token" time="0.416" /><testcase classname="backend.tests.test_backend_api.TestManagerAuth" name="test_logout_invalidates_token" time="0.440" /><testcase classname="backend.tests.test_backend_api.TestManagerRoutes" name="test_members_without_token" time="0.081" /><testcase classname="backend.tests.test_backend_api.TestManagerRoutes" name="test_stats_returns_all_keys" time="0.089" /><testcase classname="backend.tests.test_backend_api.TestManagerRoutes" name="test_members_list" time="0.081" /><testcase classname="backend.tests.test_backend_api.TestManagerRoutes" name="test_members_query_filter" time="0.091" /><testcase classname="backend.tests.test_backend_api.TestManagerRoutes" name="test_members_status_filter" time="0.098" /><testcase classname="backend.tests.test_backend_api.TestCashFlow" name="test_record_cash_and_verify" time="0.363" /><testcase classname="backend.tests.test_backend_api.TestRazorpayDisabled" name="test_order_fails_when_not_configured" time="0.076" /><testcase classname="backend.tests.test_backend_api.TestIdempotency" name="test_plans_count_stable" time="0.154" /><testcase classname="backend.tests.test_backend_api.TestIdempotency" name="test_manager_login_still_works" time="0.299" /><testcase classname="backend.tests.test_manager_member_crud.TestWalkInCreate" name="test_walkin_no_token_unauthorized" time="0.073" /><testcase classname="backend.tests.test_manager_member_crud.TestWalkInCreate" name="test_walkin_missing_name_returns_400" time="0.400" /><testcase classname="backend.tests.test_manager_member_crud.TestWalkInCreate" name="test_walkin_missing_phone_returns_400" time="0.075" /><testcase classname="backend.tests.test_manager_member_crud.TestWalkInCreate" name="test_walkin_missing_phone_field_returns_422" time="0.078" /><testcase classname="backend.tests.test_manager_member_crud.TestWalkInCreate" name="test_walkin_auto_email" time="0.091" /><testcase classname="backend.tests.test_manager_member_crud.TestWalkInCreate" name="test_walkin_explicit_email_used" time="0.096" /><testcase classname="backend.tests.test_manager_member_crud.TestWalkInCreate" name="test_walkin_duplicate_email_409" time="0.138" /><testcase classname="backend.tests.test_manager_member_crud.TestMemberUpdate" name="test_patch_no_token_unauthorized" time="0.140" /><testcase classname="backend.tests.test_manager_member_crud.TestMemberUpdate" name="test_patch_updates_name_and_phone" time="0.142" /><testcase classname="backend.tests.test_manager_member_crud.TestMemberUpdate" name="test_patch_empty_body_returns_400" time="0.164" /><testcase classname="backend.tests.test_manager_member_crud.TestMemberUpdate" name="test_patch_invalid_user_id_404" time="0.073" /><testcase classname="backend.tests.test_manager_member_crud.TestMemberDeleteCascade" name="test_delete_no_token_unauthorized" time="0.073" /><testcase classname="backend.tests.test_manager_member_crud.TestMemberDeleteCascade" name="test_delete_nonexistent_returns_404" time="0.074" /><testcase classname="backend.tests.test_manager_member_crud.TestMemberDeleteCascade" name="test_delete_cascades_memberships_sessions_pushtokens" time="0.215" /><testcase classname="backend.tests.test_manager_member_crud.TestFullE2EWalkInLifecycle" name="test_e2e" time="0.375" /><testcase classname="backend.tests.test_manager_member_crud.TestIteration1Regression" name="test_plans_still_4" time="0.071" /><testcase classname="backend.tests.test_manager_member_crud.TestIteration1Regression" name="test_stats_keys" time="0.081" /><testcase classname="backend.tests.test_manager_member_crud.TestIteration1Regression" name="test_members_list_no_id_leak" time="0.094" /></testsuite></testsuites>